SF:lib/ui/screens/splash_screen.dart
DA:6,1
DA:8,1
DA:10,1
LF:3
LH:3
end_of_record
SF:lib/viewmodels/splash_view_model.dart
DA:11,1
DA:12,2
DA:18,1
DA:19,2
DA:20,1
DA:21,2
LF:6
LH:6
end_of_record
SF:lib/routes/app_route.dart
DA:4,6
DA:8,4
DA:12,3
DA:16,1
DA:20,1
DA:24,2
DA:28,2
LF:7
LH:7
end_of_record
SF:lib/routes/app_router_state.dart
DA:9,15
DA:11,4
DA:12,8
DA:13,4
DA:16,4
DA:17,4
DA:18,4
DA:19,4
DA:20,4
DA:23,1
DA:24,3
DA:28,2
DA:29,1
LF:13
LH:13
end_of_record
SF:lib/core/app_logger.dart
DA:8,2
DA:10,2
DA:14,0
DA:15,0
LF:4
LH:2
end_of_record
SF:lib/core/failure.dart
DA:2,4
DA:8,0
DA:10,0
DA:15,0
DA:22,3
DA:25,1
DA:26,1
DA:30,0
DA:32,0
DA:37,1
DA:43,0
DA:45,0
DA:49,2
DA:50,2
LF:14
LH:7
end_of_record
SF:lib/core/result.dart
DA:4,4
DA:6,3
DA:8,12
DA:9,12
DA:15,1
DA:21,4
DA:27,4
LF:7
LH:7
end_of_record
SF:lib/core/unauthorized_exception.dart
DA:2,0
LF:1
LH:0
end_of_record
SF:lib/maps/maps_launcher.dart
DA:6,0
DA:7,0
DA:8,0
DA:11,0
LF:4
LH:0
end_of_record
SF:lib/models/converters.dart
DA:5,4
DA:7,0
DA:8,0
DA:10,0
DA:15,4
DA:17,1
DA:18,1
DA:20,0
LF:8
LH:4
end_of_record
SF:lib/models/driver_session.dart
DA:15,0
DA:16,0
LF:2
LH:0
end_of_record
SF:lib/models/driver_session.g.dart
DA:9,0
DA:10,0
DA:11,0
DA:12,0
DA:14,0
DA:17,0
DA:18,0
DA:19,0
DA:20,0
LF:9
LH:0
end_of_record
SF:lib/models/lat_lng.dart
DA:11,2
LF:1
LH:1
end_of_record
SF:lib/models/lat_lng.g.dart
DA:9,2
DA:10,2
DA:11,2
DA:14,0
DA:15,0
DA:16,0
LF:6
LH:3
end_of_record
SF:lib/models/order.dart
DA:21,2
LF:1
LH:1
end_of_record
SF:lib/models/order.g.dart
DA:9,2
DA:10,3
DA:11,2
DA:12,2
DA:13,2
DA:14,2
DA:15,2
DA:18,0
DA:19,0
DA:20,0
DA:21,0
DA:22,0
DA:23,0
DA:24,0
LF:14
LH:7
end_of_record
SF:lib/models/telemetry_ping.dart
DA:16,0
DA:17,0
LF:2
LH:0
end_of_record
SF:lib/models/telemetry_ping.g.dart
DA:9,0
DA:10,0
DA:11,0
DA:12,0
DA:13,0
DA:14,0
DA:15,0
DA:18,0
DA:19,0
DA:20,0
DA:21,0
DA:22,0
DA:23,0
DA:24,0
LF:14
LH:0
end_of_record
SF:lib/models/register_request.dart
DA:16,0
DA:17,0
LF:2
LH:0
end_of_record
SF:lib/models/register_request.g.dart
DA:9,0
DA:10,0
DA:11,0
DA:12,0
DA:13,0
DA:14,0
DA:15,0
DA:18,0
DA:19,0
DA:20,0
DA:21,0
DA:22,0
DA:23,0
DA:24,0
LF:14
LH:0
end_of_record
SF:lib/models/register_response.dart
DA:14,0
DA:15,0
LF:2
LH:0
end_of_record
SF:lib/models/register_response.g.dart
DA:9,0
DA:10,0
DA:11,0
DA:12,0
DA:13,0
DA:17,0
DA:18,0
DA:19,0
DA:20,0
LF:9
LH:0
end_of_record
SF:lib/state/order_ui_state.dart
DA:5,5
DA:9,2
DA:16,4
LF:3
LH:3
end_of_record
SF:lib/state/server_event.dart
DA:4,1
DA:8,1
DA:14,1
DA:20,1
LF:4
LH:4
end_of_record
SF:lib/state/tracking_state.dart
DA:6,1
DA:10,0
DA:14,0
DA:18,1
DA:34,0
LF:5
LH:2
end_of_record
SF:lib/ui/screens/order_screen.dart
DA:12,1
DA:16,1
DA:17,1
DA:21,1
DA:23,1
DA:24,5
DA:27,1
DA:29,1
DA:31,1
DA:32,6
DA:33,1
DA:35,1
DA:37,1
DA:38,3
DA:39,1
DA:40,2
DA:41,2
DA:42,2
DA:44,1
DA:48,0
LF:20
LH:19
end_of_record
SF:lib/ui/widgets/order/order_view.dart
DA:4,1
DA:16,1
DA:18,3
DA:19,3
DA:21,1
DA:23,1
DA:24,5
DA:25,4
DA:27,1
DA:29,1
DA:30,7
DA:32,1
DA:34,2
DA:37,1
DA:39,1
DA:40,7
DA:42,1
DA:44,2
DA:47,1
DA:48,0
DA:50,0
DA:51,0
DA:55,1
DA:56,1
DA:57,1
DA:58,1
DA:59,3
DA:62,1
DA:63,1
DA:64,0
LF:30
LH:26
end_of_record
SF:lib/ui/widgets/order/cancelled_view.dart
DA:4,1
DA:8,1
DA:10,1
DA:11,1
DA:13,1
DA:16,2
LF:6
LH:6
end_of_record
SF:lib/viewmodels/order_view_model.dart
DA:14,1
DA:28,1
DA:29,2
DA:33,4
DA:36,1
DA:37,1
DA:41,1
DA:42,1
DA:43,5
DA:46,1
DA:47,1
DA:53,1
DA:54,1
DA:55,1
DA:57,3
DA:58,5
DA:59,1
DA:60,1
DA:63,1
DA:64,1
DA:70,1
DA:71,1
DA:72,1
DA:74,3
DA:75,4
DA:76,0
DA:77,0
DA:78,0
DA:82,0
DA:83,0
DA:86,0
DA:90,0
DA:91,0
DA:94,0
DA:98,0
DA:100,1
DA:101,1
DA:102,0
DA:104,1
DA:106,1
DA:109,0
DA:111,0
DA:112,0
LF:43
LH:29
end_of_record
SF:lib/ui/screens/pending_approval_screen.dart
DA:6,1
DA:8,1
DA:11,1
DA:13,1
DA:14,1
DA:15,1
DA:17,1
DA:19,1
DA:33,1
DA:34,1
LF:10
LH:10
end_of_record
SF:lib/viewmodels/pending_approval_view_model.dart
DA:8,1
DA:12,3
LF:2
LH:2
end_of_record
SF:lib/ui/screens/login_screen.dart
DA:6,1
DA:8,1
DA:10,1
DA:12,1
DA:13,1
DA:14,1
DA:16,1
DA:19,1
DA:22,1
DA:25,1
DA:28,1
DA:31,1
DA:34,1
DA:35,1
DA:37,1
DA:38,1
DA:43,1
DA:44,2
DA:45,1
DA:53,1
DA:54,1
DA:55,1
LF:22
LH:22
end_of_record
SF:lib/viewmodels/login_view_model.dart
DA:10,1
DA:20,0
DA:21,2
DA:23,3
DA:24,2
DA:26,1
DA:27,4
DA:28,1
DA:29,1
DA:34,1
DA:35,1
DA:36,1
DA:38,4
DA:40,5
DA:41,1
DA:43,1
DA:44,2
DA:49,2
DA:50,1
DA:54,0
LF:20
LH:18
end_of_record
SF:lib/ui/widgets/tracking/online_view.dart
DA:4,1
DA:20,1
DA:22,1
DA:24,1
DA:25,1
DA:26,1
DA:29,3
DA:33,1
DA:35,1
DA:36,3
DA:39,1
DA:40,1
DA:42,0
DA:43,0
DA:45,1
DA:46,1
DA:48,1
DA:49,2
DA:53,1
DA:54,1
LF:20
LH:18
end_of_record
SF:lib/ui/screens/tracking_screen.dart
DA:12,1
DA:14,1
DA:16,1
DA:18,1
DA:19,1
DA:21,1
DA:22,2
DA:25,1
DA:27,1
DA:28,1
DA:31,1
DA:34,1
DA:35,2
DA:36,2
DA:37,2
DA:38,2
DA:39,2
DA:41,1
DA:49,0
DA:50,0
LF:20
LH:18
end_of_record
SF:lib/viewmodels/tracking_view_model.dart
DA:18,1
DA:25,5
DA:26,5
DA:27,5
DA:28,4
DA:29,3
DA:31,2
DA:53,2
DA:55,0
DA:57,1
DA:58,2
DA:61,0
DA:66,2
DA:69,1
DA:70,1
DA:71,0
DA:72,0
DA:74,0
DA:76,2
DA:79,1
DA:80,1
DA:81,2
DA:82,2
DA:83,2
DA:84,2
DA:88,1
DA:91,0
DA:92,0
DA:93,0
DA:94,0
DA:95,0
DA:96,0
DA:99,1
DA:100,2
DA:101,2
DA:102,2
DA:103,2
DA:106,1
DA:107,1
DA:108,1
DA:111,0
DA:112,0
DA:113,0
DA:116,1
DA:118,0
DA:123,3
DA:127,2
DA:128,3
DA:131,1
DA:132,2
DA:133,1
DA:134,1
DA:135,1
DA:136,2
DA:137,1
DA:138,1
DA:139,1
DA:140,1
DA:141,1
DA:144,1
DA:147,0
DA:149,0
DA:150,0
DA:151,0
DA:152,0
DA:153,0
LF:66
LH:45
end_of_record
SF:lib/ui/screens/register_screen.dart
DA:6,1
DA:8,1
DA:10,1
DA:12,1
DA:13,1
DA:14,1
DA:16,1
DA:18,1
DA:25,1
DA:27,1
DA:30,1
DA:33,1
DA:36,1
DA:41,1
DA:44,1
DA:48,1
DA:51,1
DA:56,1
DA:59,1
DA:60,1
DA:62,1
DA:63,1
DA:68,1
DA:69,1
DA:71,1
DA:72,1
DA:80,1
DA:81,2
DA:82,1
DA:90,1
DA:91,1
DA:92,1
LF:32
LH:32
end_of_record
SF:lib/viewmodels/register_view_model.dart
DA:9,1
DA:23,0
DA:24,2
DA:25,2
DA:27,3
DA:28,3
DA:29,2
DA:30,3
DA:31,3
DA:33,1
DA:34,2
DA:35,2
DA:36,2
DA:37,2
DA:38,1
DA:39,1
DA:44,3
DA:45,1
DA:46,1
DA:51,1
DA:52,1
DA:53,1
DA:54,1
DA:56,2
DA:57,1
DA:58,1
DA:59,1
DA:60,1
DA:61,1
DA:64,1
DA:65,1
DA:66,1
DA:67,2
DA:68,1
DA:70,1
DA:71,2
DA:72,1
DA:73,1
DA:78,0
DA:79,0
LF:40
LH:37
end_of_record
SF:lib/mixins/retry_mixin.dart
DA:4,2
DA:12,2
DA:14,3
DA:15,2
DA:19,2
DA:20,2
DA:26,1
DA:28,1
DA:29,1
DA:30,1
DA:36,6
LF:11
LH:11
end_of_record
SF:lib/repositories/order_repository_impl.dart
DA:12,1
DA:16,1
DA:18,4
DA:19,1
DA:26,3
DA:27,3
DA:28,3
DA:29,2
DA:34,1
DA:36,6
DA:38,0
DA:40,0
DA:42,1
DA:46,1
DA:48,1
DA:50,3
DA:51,0
DA:58,1
DA:59,1
DA:60,1
DA:62,1
DA:63,2
DA:64,2
DA:66,0
DA:68,2
DA:69,3
DA:71,5
LF:27
LH:23
end_of_record
SF:lib/services/channel/channel_client.dart
DA:20,0
DA:22,1
DA:25,0
DA:26,0
DA:53,0
DA:54,0
DA:55,3
DA:56,2
DA:58,4
DA:60,1
DA:61,1
DA:62,1
DA:63,1
DA:64,1
DA:67,0
DA:68,0
DA:69,0
DA:70,0
DA:71,0
DA:74,0
DA:75,0
DA:76,0
DA:77,0
DA:78,0
DA:79,0
DA:82,1
DA:83,2
DA:85,0
DA:86,0
DA:88,0
DA:89,0
DA:91,1
DA:92,1
DA:94,1
DA:95,0
DA:100,3
DA:101,1
DA:103,2
DA:105,5
DA:107,2
DA:109,0
DA:110,0
DA:111,0
DA:116,0
DA:117,0
DA:118,0
DA:119,0
DA:123,0
DA:124,0
DA:125,0
DA:128,1
DA:129,1
DA:132,1
DA:133,4
DA:135,2
DA:136,1
DA:137,1
DA:138,3
DA:139,1
DA:140,1
DA:141,0
DA:144,1
DA:145,1
DA:146,1
DA:147,1
DA:148,1
DA:149,1
DA:150,1
DA:151,1
DA:152,2
DA:154,0
DA:155,0
DA:156,0
DA:157,0
DA:158,0
DA:160,0
DA:165,1
DA:166,4
DA:167,1
DA:168,3
DA:170,2
DA:171,2
DA:172,1
DA:173,1
DA:174,1
DA:176,1
DA:180,2
DA:184,1
DA:185,1
DA:186,1
DA:190,0
DA:194,1
DA:195,1
DA:196,1
DA:197,1
DA:198,1
DA:199,1
DA:201,1
DA:204,2
DA:205,1
DA:207,1
DA:208,1
DA:209,0
DA:211,2
DA:216,0
DA:217,0
DA:221,0
DA:224,0
DA:225,0
DA:228,0
DA:231,1
DA:232,1
DA:233,2
DA:234,0
DA:240,0
DA:242,0
DA:243,0
DA:248,0
DA:254,0
DA:255,0
DA:257,0
DA:261,0
DA:263,0
DA:264,0
DA:266,0
DA:268,0
DA:269,0
DA:270,0
DA:273,1
DA:274,1
DA:275,2
DA:276,1
DA:278,2
DA:279,1
DA:280,1
DA:282,2
DA:283,0
DA:284,0
DA:288,2
DA:291,1
DA:292,1
DA:293,3
DA:294,2
DA:297,0
DA:298,0
DA:300,0
DA:302,0
DA:305,0
DA:307,0
DA:308,0
DA:309,0
DA:310,0
DA:311,0
LF:153
LH:80
end_of_record
SF:lib/services/channel/channel_event.dart
DA:2,1
DA:9,2
DA:14,9
DA:16,9
DA:20,1
DA:24,0
DA:25,0
LF:7
LH:5
end_of_record
SF:lib/services/channel/ws_channel_socket.dart
DA:5,0
DA:9,0
DA:10,0
DA:12,0
DA:13,0
DA:15,0
DA:16,0
DA:18,0
DA:19,0
LF:9
LH:0
end_of_record
SF:lib/models/login_request.dart
DA:13,0
DA:14,0
LF:2
LH:0
end_of_record
SF:lib/models/login_request.g.dart
DA:9,0
DA:10,0
DA:11,0
DA:12,0
DA:15,0
DA:16,0
LF:6
LH:0
end_of_record
SF:lib/models/session_response.dart
DA:15,0
DA:16,0
LF:2
LH:0
end_of_record
SF:lib/models/session_response.g.dart
DA:9,0
DA:10,0
DA:11,0
DA:12,0
DA:13,0
DA:15,0
DA:18,0
DA:19,0
DA:20,0
DA:21,0
DA:22,0
LF:11
LH:0
end_of_record
SF:lib/repositories/session_repository_impl.dart
DA:14,1
DA:19,0
DA:20,0
DA:22,1
DA:28,2
DA:29,1
DA:32,1
DA:33,1
DA:34,1
DA:37,4
DA:38,2
DA:41,2
DA:43,1
DA:44,1
DA:45,2
DA:51,1
DA:60,2
DA:61,1
DA:70,1
DA:71,1
DA:72,2
DA:78,1
DA:79,4
DA:80,2
DA:81,1
DA:85,2
DA:86,1
DA:87,1
DA:88,1
DA:89,2
DA:90,0
DA:91,0
DA:98,0
DA:99,0
LF:34
LH:28
end_of_record
SF:lib/services/auth/driver_api.g.dart
DA:14,0
DA:22,0
DA:24,0
DA:25,0
DA:26,0
DA:28,0
DA:29,0
DA:30,0
DA:31,0
DA:36,0
DA:38,0
DA:41,0
DA:43,0
DA:49,0
DA:51,0
DA:52,0
DA:53,0
DA:55,0
DA:56,0
DA:57,0
DA:58,0
DA:63,0
DA:65,0
DA:68,0
DA:70,0
DA:76,0
DA:77,0
DA:78,0
DA:79,0
DA:80,0
DA:81,0
DA:83,0
DA:89,0
DA:90,0
DA:94,0
DA:96,0
DA:97,0
DA:100,0
LF:38
LH:0
end_of_record
SF:lib/services/auth/token_store.dart
DA:8,1
DA:16,0
DA:17,0
DA:18,0
DA:20,0
DA:22,0
DA:24,0
DA:28,1
DA:29,2
DA:30,2
DA:31,2
DA:37,1
DA:38,1
DA:44,4
DA:45,1
DA:50,2
DA:53,1
DA:54,2
DA:55,2
DA:56,2
LF:20
LH:14
end_of_record
SF:lib/repositories/telemetry_repository_impl.dart
DA:17,1
DA:35,1
DA:36,1
DA:38,0
DA:39,0
DA:41,0
DA:42,0
DA:44,1
DA:46,1
DA:50,2
DA:54,1
DA:55,3
DA:58,2
DA:59,2
DA:61,6
DA:62,5
DA:63,1
DA:68,1
DA:70,2
DA:71,2
DA:72,2
DA:74,1
DA:75,1
DA:76,1
DA:77,1
DA:80,1
DA:81,1
DA:87,1
DA:90,1
DA:91,1
DA:92,1
DA:93,1
DA:94,1
DA:97,1
DA:102,1
DA:103,1
DA:104,1
DA:105,3
DA:106,4
DA:107,5
DA:110,1
DA:111,2
DA:114,2
DA:120,1
DA:121,1
DA:122,1
DA:127,0
DA:130,0
DA:131,0
LF:49
LH:42
end_of_record
SF:lib/services/foreground/foreground_service_manager.dart
DA:9,0
DA:10,0
DA:11,0
DA:18,0
DA:19,0
DA:27,0
DA:29,0
DA:31,0
DA:32,0
DA:35,0
DA:36,0
DA:37,0
DA:41,0
DA:42,0
DA:44,0
DA:48,0
DA:55,0
DA:56,0
DA:57,0
LF:19
LH:0
end_of_record
SF:lib/services/location/location_service.dart
DA:9,0
DA:10,0
DA:12,0
DA:15,0
DA:19,0
DA:21,0
DA:22,0
DA:26,0
DA:27,0
DA:28,0
DA:30,0
DA:31,0
DA:34,0
DA:39,0
DA:45,0
DA:46,0
DA:47,0
DA:51,0
DA:52,0
DA:53,0
DA:54,0
DA:64,0
LF:22
LH:0
end_of_record
SF:lib/services/foreground/tracking_task_handler.dart
DA:3,0
DA:5,0
DA:9,0
DA:12,0
DA:15,0
LF:5
LH:0
end_of_record
SF:lib/repositories/connection_repository_impl.dart
DA:13,1
DA:17,1
DA:18,2
DA:20,1
DA:21,2
DA:23,1
DA:24,2
DA:26,1
DA:28,2
DA:30,0
DA:31,0
DA:33,1
DA:36,2
DA:38,1
DA:40,3
DA:41,1
DA:48,1
DA:51,2
DA:53,1
DA:55,0
DA:56,0
LF:21
LH:17
end_of_record
